#
# There is insufficient memory for the Java Runtime Environment to continue.
# Native memory allocation (malloc) failed to allocate 378128 bytes for Chunk::new
# Possible reasons:
#   The system is out of physical RAM or swap space
#   In 32 bit mode, the process size limit was hit
# Possible solutions:
#   Reduce memory load on the system
#   Increase physical memory or swap space
#   Check if swap backing store is full
#   Use 64 bit Java on a 64 bit OS
#   Decrease Java heap size (-Xmx/-Xms)
#   Decrease number of Java threads
#   Decrease Java thread stack sizes (-Xss)
#   Set larger code cache with -XX:ReservedCodeCacheSize=
# This output file may be truncated or incomplete.
#
#  Out of Memory Error (allocation.cpp:390), pid=2536, tid=0x0000000000000e7c
#
# JRE version: OpenJDK Runtime Environment (8.0_112-b06) (build 1.8.0_112-release-b06)
# Java VM: OpenJDK 64-Bit Server VM (25.112-b06 mixed mode windows-amd64 compressed oops)
# Failed to write core dump. Minidumps are not enabled by default on client versions of Windows
#

---------------  T H R E A D  ---------------

Current thread (0x0000000055b09000):  JavaThread "C2 CompilerThread0" daemon [_thread_in_native, id=3708, stack(0x0000000056390000,0x0000000056490000)]

Stack: [0x0000000056390000,0x0000000056490000]
[error occurred during error reporting (printing stack bounds), id 0xc0000005]

Native frames: (J=compiled Java code, j=interpreted, Vv=VM code, C=native code)


Current CompileTask:
C2:1835359 19892   !   4       com.sun.org.apache.xerces.internal.impl.XMLDocumentFragmentScannerImpl$FragmentContentDriver::next (2323 bytes)


---------------  P R O C E S S  ---------------

Java Threads: ( => current thread )
  0x000000005bed2800 JavaThread "Stdin handler" [_thread_blocked, id=6084, stack(0x0000000064ab0000,0x0000000064bb0000)]
  0x000000005bed7800 JavaThread "Asynchronous log dispatcher for DefaultDaemonConnection: socket connection from /127.0.0.1:53898 to /127.0.0.1:51207" [_thread_blocked, id=6924, stack(0x00000000565b0000,0x00000000566b0000)]
  0x000000005bed6000 JavaThread "Daemon worker Thread 6" [_thread_in_native, id=7452, stack(0x0000000059690000,0x0000000059790000)]
  0x000000005bed5800 JavaThread "Cancel handler" [_thread_blocked, id=2468, stack(0x0000000064980000,0x0000000064a80000)]
  0x000000005bed7000 JavaThread "Handler for socket connection from /127.0.0.1:53898 to /127.0.0.1:51207" [_thread_in_native, id=7196, stack(0x000000005a050000,0x000000005a150000)]
  0x000000005bed1800 JavaThread "Daemon Thread 6" [_thread_blocked, id=4704, stack(0x00000000597b0000,0x00000000598b0000)]
  0x000000005ad81800 JavaThread "Forward streams with process: command 'D:\Android\Android Studio\jre\bin\java.exe' Thread 3" [_thread_in_native, id=8132, stack(0x0000000065e60000,0x0000000065f60000)]
  0x000000005ad80800 JavaThread "Forward streams with process: command 'D:\Android\Android Studio\jre\bin\java.exe' Thread 2" [_thread_in_native, id=7208, stack(0x0000000065d50000,0x0000000065e50000)]
  0x000000005c1f2000 JavaThread "Run command 'D:\Android\Android Studio\jre\bin\java.exe'" [_thread_in_native, id=7656, stack(0x0000000065390000,0x0000000065490000)]
  0x000000005c1ee000 JavaThread "Forward streams with process: command 'D:\Android\Android Studio\jre\bin\java.exe' Thread 2" [_thread_in_native, id=4956, stack(0x0000000065b00000,0x0000000065c00000)]
  0x000000005ad80000 JavaThread "Forward streams with process: command 'D:\Android\Android Studio\jre\bin\java.exe'" [_thread_in_native, id=6824, stack(0x0000000066130000,0x0000000066230000)]
  0x000000005ad7f000 JavaThread "Forward streams with process: command 'D:\Android\Android Studio\jre\bin\java.exe' Thread 3" [_thread_in_native, id=2836, stack(0x00000000663b0000,0x00000000664b0000)]
  0x000000005ad7e800 JavaThread "Forward streams with process: command 'D:\Android\Android Studio\jre\bin\java.exe' Thread 2" [_thread_in_native, id=6372, stack(0x0000000066250000,0x0000000066350000)]
  0x000000005c096000 JavaThread "Forward streams with process: command 'D:\Android\Android Studio\jre\bin\java.exe' Thread 3" [_thread_in_native, id=5596, stack(0x0000000065940000,0x0000000065a40000)]
  0x000000005c099000 JavaThread "Forward streams with process: command 'D:\Android\Android Studio\jre\bin\java.exe' Thread 2" [_thread_in_native, id=7244, stack(0x0000000065800000,0x0000000065900000)]
  0x000000005c1f0800 JavaThread "Run command 'D:\Android\Android Studio\jre\bin\java.exe'" [_thread_in_native, id=7720, stack(0x0000000065090000,0x0000000065190000)]
  0x000000005c1ed800 JavaThread "Run command 'D:\Android\Android Studio\jre\bin\java.exe'" [_thread_in_native, id=5580, stack(0x0000000062cd0000,0x0000000062dd0000)]
  0x000000005cfad000 JavaThread "Run command 'D:\Android\Android Studio\jre\bin\java.exe'" [_thread_in_native, id=7964, stack(0x00000000651d0000,0x00000000652d0000)]
  0x000000005cfac800 JavaThread "pool-88-thread-4" [_thread_blocked, id=5968, stack(0x00000000623d0000,0x00000000624d0000)]
  0x000000005cfab000 JavaThread "pool-88-thread-3" [_thread_blocked, id=7520, stack(0x0000000064f80000,0x0000000065080000)]
  0x000000005cfab800 JavaThread "pool-88-thread-2" [_thread_blocked, id=7380, stack(0x0000000064e80000,0x0000000064f80000)]
  0x000000005cfa6800 JavaThread "pool-88-thread-1" [_thread_blocked, id=7568, stack(0x0000000064c60000,0x0000000064d60000)]
  0x000000005cfaa000 JavaThread "pool-14-thread-4" [_thread_blocked, id=6248, stack(0x0000000062dd0000,0x0000000062ed0000)]
  0x000000005c1ec800 JavaThread "pool-14-thread-2" [_thread_blocked, id=5516, stack(0x0000000063140000,0x0000000063240000)]
  0x000000005c1ec000 JavaThread "pool-14-thread-3" [_thread_blocked, id=2944, stack(0x0000000063020000,0x0000000063120000)]
  0x000000005c1eb000 JavaThread "pool-14-thread-1" [_thread_blocked, id=6308, stack(0x0000000062ed0000,0x0000000062fd0000)]
  0x000000005c093800 JavaThread "pool-8-thread-1" [_thread_blocked, id=2912, stack(0x0000000061120000,0x0000000061220000)]
  0x000000005bed4800 JavaThread "pool-2-thread-1" [_thread_blocked, id=1896, stack(0x000000005c6b0000,0x000000005c7b0000)]
  0x000000005808d800 JavaThread "File lock request listener" [_thread_in_native, id=6804, stack(0x000000005a3f0000,0x000000005a4f0000)]
  0x000000005747b000 JavaThread "pool-1-thread-1" [_thread_blocked, id=6748, stack(0x0000000059c00000,0x0000000059d00000)]
  0x00000000579bf000 JavaThread "Incoming local TCP Connector on port 53898" [_thread_in_native, id=1760, stack(0x0000000055f70000,0x0000000056070000)]
  0x0000000055b83800 JavaThread "Service Thread" daemon [_thread_blocked, id=2628, stack(0x00000000566c0000,0x00000000567c0000)]
  0x0000000055b12000 JavaThread "C1 CompilerThread2" daemon [_thread_blocked, id=5648, stack(0x00000000555d0000,0x00000000556d0000)]
  0x0000000055b10800 JavaThread "C2 CompilerThread1" daemon [_thread_blocked, id=4536, stack(0x0000000056490000,0x0000000056590000)]
=>0x0000000055b09000 JavaThread "C2 CompilerThread0" daemon [_thread_in_native, id=3708, stack(0x0000000056390000,0x0000000056490000)]
  0x0000000055afb800 JavaThread "Attach Listener" daemon [_thread_blocked, id=5384, stack(0x0000000056210000,0x0000000056310000)]
  0x0000000055afa800 JavaThread "Signal Dispatcher" daemon [_thread_blocked, id=6632, stack(0x0000000056070000,0x0000000056170000)]
  0x0000000053d57000 JavaThread "Finalizer" daemon [_thread_blocked, id=264, stack(0x00000000559f0000,0x0000000055af0000)]
  0x0000000053d10000 JavaThread "Reference Handler" daemon [_thread_blocked, id=6760, stack(0x00000000558b0000,0x00000000559b0000)]
  0x000000000261f800 JavaThread "main" [_thread_blocked, id=1328, stack(0x00000000028a0000,0x00000000029a0000)]

Other Threads:
  0x0000000053d08800 VMThread [stack: 0x0000000055710000,0x0000000055810000] [id=6184]
  0x0000000055b94000 WatcherThread [stack: 0x00000000567e0000,0x00000000568e0000] [id=3544]

VM state:not at safepoint (normal execution)

VM Mutex/Monitor currently owned by a thread: None

Heap:
 PSYoungGen      total 146944K, used 73889K [0x00000000f5580000, 0x00000000ffd00000, 0x0000000100000000)
  eden space 121344K, 57% used [0x00000000f5580000,0x00000000f9988428,0x00000000fcc00000)
  from space 25600K, 16% used [0x00000000fe400000,0x00000000fe820000,0x00000000ffd00000)
  to   space 24576K, 0% used [0x00000000fcc00000,0x00000000fcc00000,0x00000000fe400000)
 ParOldGen       total 203264K, used 85655K [0x00000000e0000000, 0x00000000ec680000, 0x00000000f5580000)
  object space 203264K, 42% used [0x00000000e0000000,0x00000000e53a5f08,0x00000000ec680000)
 Metaspace       used 90550K, capacity 96946K, committed 97152K, reserved 1134592K
  class space    used 11690K, capacity 12623K, committed 12672K, reserved 1048576K

Card table byte_map: [0x0000000002620000,0x0000000002730000] byte_map_base: 0x0000000001f20000

Marking Bits: (ParMarkBitMap*) 0x0000000054ef18f0
 Begin Bits: [0x0000000012380000, 0x0000000012b80000)
 End Bits:   [0x0000000012b80000, 0x0000000013380000)

Polling page: 0x0000000001c60000

CodeCache: size=245760Kb used=56874Kb max_used=56884Kb free=188885Kb
 bounds [0x00000000029a0000, 0x0000000006180000, 0x00000000119a0000]
 total_blobs=16518 nmethods=15692 adapters=737
 compilation: enabled

Compilation events (10 events):
Event: 1833.934 Thread 0x0000000055b12000 nmethod 19887 0x0000000006177790 code [0x0000000006177980, 0x00000000061780c8]
Event: 1833.935 Thread 0x0000000055b12000 19888       3       com.sun.proxy.$Proxy21::<init> (6 bytes)
Event: 1833.936 Thread 0x0000000055b12000 nmethod 19888 0x00000000061770d0 code [0x0000000006177260, 0x00000000061775e8]
Event: 1833.936 Thread 0x0000000055b12000 19889   !   3       com.sun.proxy.$Proxy21::annotationType (29 bytes)
Event: 1833.936 Thread 0x0000000055b12000 nmethod 19889 0x0000000006176950 code [0x0000000006176ae0, 0x0000000006176ef8]
Event: 1833.941 Thread 0x0000000055b12000 19891       3       org.gradle.cache.internal.filelock.LockInfoSerializer::trimIfNecessary (21 bytes)
Event: 1833.942 Thread 0x0000000055b12000 nmethod 19891 0x0000000006176390 code [0x0000000006176500, 0x0000000006176848]
Event: 1833.942 Thread 0x0000000055b12000 19890       1       org.gradle.cache.internal.filelock.LockInfoSerializer::getVersion (2 bytes)
Event: 1833.942 Thread 0x0000000055b12000 nmethod 19890 0x00000000061760d0 code [0x0000000006176220, 0x0000000006176330]
Event: 1834.751 Thread 0x0000000055b09000 19892   !   4       com.sun.org.apache.xerces.internal.impl.XMLDocumentFragmentScannerImpl$FragmentContentDriver::next (2323 bytes)

GC Heap History (10 events):
Event: 1711.591 GC heap before
{Heap before GC invocations=77 (full 3):
 PSYoungGen      total 138752K, used 138386K [0x00000000f5580000, 0x0000000100000000, 0x0000000100000000)
  eden space 119296K, 100% used [0x00000000f5580000,0x00000000fca00000,0x00000000fca00000)
  from space 19456K, 98% used [0x00000000fca00000,0x00000000fdca49b0,0x00000000fdd00000)
  to   space 29184K, 0% used [0x00000000fe380000,0x00000000fe380000,0x0000000100000000)
 ParOldGen       total 203264K, used 82524K [0x00000000e0000000, 0x00000000ec680000, 0x00000000f5580000)
  object space 203264K, 40% used [0x00000000e0000000,0x00000000e5097018,0x00000000ec680000)
 Metaspace       used 90101K, capacity 96094K, committed 96256K, reserved 1132544K
  class space    used 11625K, capacity 12511K, committed 12544K, reserved 1048576K
Event: 1711.598 GC heap after
Heap after GC invocations=77 (full 3):
 PSYoungGen      total 145920K, used 4894K [0x00000000f5580000, 0x0000000100000000, 0x0000000100000000)
  eden space 116736K, 0% used [0x00000000f5580000,0x00000000f5580000,0x00000000fc780000)
  from space 29184K, 16% used [0x00000000fe380000,0x00000000fe8479a8,0x0000000100000000)
  to   space 28672K, 0% used [0x00000000fc780000,0x00000000fc780000,0x00000000fe380000)
 ParOldGen       total 203264K, used 84855K [0x00000000e0000000, 0x00000000ec680000, 0x00000000f5580000)
  object space 203264K, 41% used [0x00000000e0000000,0x00000000e52ddeb8,0x00000000ec680000)
 Metaspace       used 90101K, capacity 96094K, committed 96256K, reserved 1132544K
  class space    used 11625K, capacity 12511K, committed 12544K, reserved 1048576K
}
Event: 1723.052 GC heap before
{Heap before GC invocations=78 (full 3):
 PSYoungGen      total 145920K, used 121630K [0x00000000f5580000, 0x0000000100000000, 0x0000000100000000)
  eden space 116736K, 100% used [0x00000000f5580000,0x00000000fc780000,0x00000000fc780000)
  from space 29184K, 16% used [0x00000000fe380000,0x00000000fe8479a8,0x0000000100000000)
  to   space 28672K, 0% used [0x00000000fc780000,0x00000000fc780000,0x00000000fe380000)
 ParOldGen       total 203264K, used 84855K [0x00000000e0000000, 0x00000000ec680000, 0x00000000f5580000)
  object space 203264K, 41% used [0x00000000e0000000,0x00000000e52ddeb8,0x00000000ec680000)
 Metaspace       used 90233K, capacity 96200K, committed 96256K, reserved 1132544K
  class space    used 11628K, capacity 12516K, committed 12544K, reserved 1048576K
Event: 1723.058 GC heap after
Heap after GC invocations=78 (full 3):
 PSYoungGen      total 121856K, used 4864K [0x00000000f5580000, 0x00000000ffd80000, 0x0000000100000000)
  eden space 116736K, 0% used [0x00000000f5580000,0x00000000f5580000,0x00000000fc780000)
  from space 5120K, 95% used [0x00000000fc780000,0x00000000fcc40000,0x00000000fcc80000)
  to   space 27648K, 0% used [0x00000000fe280000,0x00000000fe280000,0x00000000ffd80000)
 ParOldGen       total 203264K, used 84855K [0x00000000e0000000, 0x00000000ec680000, 0x00000000f5580000)
  object space 203264K, 41% used [0x00000000e0000000,0x00000000e52ddeb8,0x00000000ec680000)
 Metaspace       used 90233K, capacity 96200K, committed 96256K, reserved 1132544K
  class space    used 11628K, capacity 12516K, committed 12544K, reserved 1048576K
}
Event: 1723.159 GC heap before
{Heap before GC invocations=79 (full 3):
 PSYoungGen      total 121856K, used 121273K [0x00000000f5580000, 0x00000000ffd80000, 0x0000000100000000)
  eden space 116736K, 99% used [0x00000000f5580000,0x00000000fc72e4e0,0x00000000fc780000)
  from space 5120K, 95% used [0x00000000fc780000,0x00000000fcc40000,0x00000000fcc80000)
  to   space 27648K, 0% used [0x00000000fe280000,0x00000000fe280000,0x00000000ffd80000)
 ParOldGen       total 203264K, used 84855K [0x00000000e0000000, 0x00000000ec680000, 0x00000000f5580000)
  object space 203264K, 41% used [0x00000000e0000000,0x00000000e52ddeb8,0x00000000ec680000)
 Metaspace       used 90268K, capacity 96200K, committed 96256K, reserved 1132544K
  class space    used 11628K, capacity 12516K, committed 12544K, reserved 1048576K
Event: 1723.164 GC heap after
Heap after GC invocations=79 (full 3):
 PSYoungGen      total 145408K, used 5419K [0x00000000f5580000, 0x0000000100000000, 0x0000000100000000)
  eden space 117760K, 0% used [0x00000000f5580000,0x00000000f5580000,0x00000000fc880000)
  from space 27648K, 19% used [0x00000000fe280000,0x00000000fe7caf98,0x00000000ffd80000)
  to   space 26624K, 0% used [0x00000000fc880000,0x00000000fc880000,0x00000000fe280000)
 ParOldGen       total 203264K, used 84863K [0x00000000e0000000, 0x00000000ec680000, 0x00000000f5580000)
  object space 203264K, 41% used [0x00000000e0000000,0x00000000e52dfeb8,0x00000000ec680000)
 Metaspace       used 90268K, capacity 96200K, committed 96256K, reserved 1132544K
  class space    used 11628K, capacity 12516K, committed 12544K, reserved 1048576K
}
Event: 1723.184 GC heap before
{Heap before GC invocations=80 (full 3):
 PSYoungGen      total 145408K, used 122429K [0x00000000f5580000, 0x0000000100000000, 0x0000000100000000)
  eden space 117760K, 99% used [0x00000000f5580000,0x00000000fc7c4640,0x00000000fc880000)
  from space 27648K, 19% used [0x00000000fe280000,0x00000000fe7caf98,0x00000000ffd80000)
  to   space 26624K, 0% used [0x00000000fc880000,0x00000000fc880000,0x00000000fe280000)
 ParOldGen       total 203264K, used 84863K [0x00000000e0000000, 0x00000000ec680000, 0x00000000f5580000)
  object space 203264K, 41% used [0x00000000e0000000,0x00000000e52dfeb8,0x00000000ec680000)
 Metaspace       used 90268K, capacity 96200K, committed 96256K, reserved 1132544K
  class space    used 11628K, capacity 12516K, committed 12544K, reserved 1048576K
Event: 1723.189 GC heap after
Heap after GC invocations=80 (full 3):
 PSYoungGen      total 144384K, used 5355K [0x00000000f5580000, 0x00000000ffd00000, 0x0000000100000000)
  eden space 117760K, 0% used [0x00000000f5580000,0x00000000f5580000,0x00000000fc880000)
  from space 26624K, 20% used [0x00000000fc880000,0x00000000fcdbaf98,0x00000000fe280000)
  to   space 25600K, 0% used [0x00000000fe400000,0x00000000fe400000,0x00000000ffd00000)
 ParOldGen       total 203264K, used 84863K [0x00000000e0000000, 0x00000000ec680000, 0x00000000f5580000)
  object space 203264K, 41% used [0x00000000e0000000,0x00000000e52dfeb8,0x00000000ec680000)
 Metaspace       used 90268K, capacity 96200K, committed 96256K, reserved 1132544K
  class space    used 11628K, capacity 12516K, committed 12544K, reserved 1048576K
}
Event: 1723.209 GC heap before
{Heap before GC invocations=81 (full 3):
 PSYoungGen      total 144384K, used 122371K [0x00000000f5580000, 0x00000000ffd00000, 0x0000000100000000)
  eden space 117760K, 99% used [0x00000000f5580000,0x00000000fc7c5f28,0x00000000fc880000)
  from space 26624K, 20% used [0x00000000fc880000,0x00000000fcdbaf98,0x00000000fe280000)
  to   space 25600K, 0% used [0x00000000fe400000,0x00000000fe400000,0x00000000ffd00000)
 ParOldGen       total 203264K, used 84863K [0x00000000e0000000, 0x00000000ec680000, 0x00000000f5580000)
  object space 203264K, 41% used [0x00000000e0000000,0x00000000e52dfeb8,0x00000000ec680000)
 Metaspace       used 90268K, capacity 96200K, committed 96256K, reserved 1132544K
  class space    used 11628K, capacity 12516K, committed 12544K, reserved 1048576K
Event: 1723.214 GC heap after
Heap after GC invocations=81 (full 3):
 PSYoungGen      total 146944K, used 4224K [0x00000000f5580000, 0x00000000ffd00000, 0x0000000100000000)
  eden space 121344K, 0% used [0x00000000f5580000,0x00000000f5580000,0x00000000fcc00000)
  from space 25600K, 16% used [0x00000000fe400000,0x00000000fe820000,0x00000000ffd00000)
  to   space 24576K, 0% used [0x00000000fcc00000,0x00000000fcc00000,0x00000000fe400000)
 ParOldGen       total 203264K, used 85655K [0x00000000e0000000, 0x00000000ec680000, 0x00000000f5580000)
  object space 203264K, 42% used [0x00000000e0000000,0x00000000e53a5f08,0x00000000ec680000)
 Metaspace       used 90268K, capacity 96200K, committed 96256K, reserved 1132544K
  class space    used 11628K, capacity 12516K, committed 12544K, reserved 1048576K
}

Deoptimization events (10 events):
Event: 1724.493 Thread 0x000000005bed7000 Uncommon trap: reason=predicate action=maybe_recompile pc=0x0000000006100780 method=com.android.ide.common.res2.DataMerger.mergeData(Lcom/android/ide/common/res2/MergeConsumer;Z)V @ 84
Event: 1724.975 Thread 0x000000005bed7000 Uncommon trap: reason=predicate action=maybe_recompile pc=0x00000000061174cc method=java.util.ComparableTimSort.reverseRange([Ljava/lang/Object;II)V @ 8
Event: 1726.403 Thread 0x000000005bed7000 Uncommon trap: reason=bimorphic action=maybe_recompile pc=0x0000000005281a24 method=org.objectweb.asm.tree.LdcInsnNode.accept(Lorg/objectweb/asm/MethodVisitor;)V @ 5
Event: 1727.214 Thread 0x000000005cfac800 Uncommon trap: reason=array_check action=maybe_recompile pc=0x0000000006131290 method=java.util.ComparableTimSort.reverseRange([Ljava/lang/Object;II)V @ 20
Event: 1727.215 Thread 0x000000005cfac800 Uncommon trap: reason=array_check action=maybe_recompile pc=0x0000000006131290 method=java.util.ComparableTimSort.reverseRange([Ljava/lang/Object;II)V @ 20
Event: 1727.215 Thread 0x000000005cfab000 Uncommon trap: reason=array_check action=maybe_recompile pc=0x0000000006131290 method=java.util.ComparableTimSort.reverseRange([Ljava/lang/Object;II)V @ 20
Event: 1727.215 Thread 0x000000005cfab000 Uncommon trap: reason=array_check action=maybe_recompile pc=0x0000000006131290 method=java.util.ComparableTimSort.reverseRange([Ljava/lang/Object;II)V @ 20
Event: 1728.585 Thread 0x000000005cfac800 Uncommon trap: reason=array_check action=maybe_recompile pc=0x0000000006154390 method=java.util.ComparableTimSort.reverseRange([Ljava/lang/Object;II)V @ 27
Event: 1728.586 Thread 0x000000005cfac800 Uncommon trap: reason=array_check action=maybe_recompile pc=0x0000000006154390 method=java.util.ComparableTimSort.reverseRange([Ljava/lang/Object;II)V @ 27
Event: 1729.965 Thread 0x000000005bed7000 Uncommon trap: reason=bimorphic action=maybe_recompile pc=0x0000000004740c4c method=org.gradle.internal.logging.text.AbstractStyledTextOutput.text(Ljava/lang/Object;)Lorg/gradle/internal/logging/text/StyledTextOutput; @ 11

Internal exceptions (10 events):
Event: 1727.637 Thread 0x000000005cfab000 Exception <a 'sun/nio/fs/WindowsException'> (0x00000000f7924160) thrown at [C:\src\android\AOSP-openjdk\external\jetbrains\jdk\hotspot\src\share\vm\prims\jni.cpp, line 709]
Event: 1727.696 Thread 0x000000005cfab800 Exception <a 'sun/nio/fs/WindowsException'> (0x00000000f78e1748) thrown at [C:\src\android\AOSP-openjdk\external\jetbrains\jdk\hotspot\src\share\vm\prims\jni.cpp, line 709]
Event: 1727.771 Thread 0x000000005cfa6800 Exception <a 'sun/nio/fs/WindowsException'> (0x00000000f78bb880) thrown at [C:\src\android\AOSP-openjdk\external\jetbrains\jdk\hotspot\src\share\vm\prims\jni.cpp, line 709]
Event: 1728.275 Thread 0x000000005cfab000 Exception <a 'sun/nio/fs/WindowsException'> (0x00000000f7956ce8) thrown at [C:\src\android\AOSP-openjdk\external\jetbrains\jdk\hotspot\src\share\vm\prims\jni.cpp, line 709]
Event: 1728.592 Thread 0x000000005cfac800 Exception <a 'sun/nio/fs/WindowsException'> (0x00000000f799c640) thrown at [C:\src\android\AOSP-openjdk\external\jetbrains\jdk\hotspot\src\share\vm\prims\jni.cpp, line 709]
Event: 1729.997 Thread 0x000000005bed7000 Exception <a 'sun/nio/fs/WindowsException'> (0x00000000f86f2278) thrown at [C:\src\android\AOSP-openjdk\external\jetbrains\jdk\hotspot\src\share\vm\prims\jni.cpp, line 709]
Event: 1782.447 Thread 0x000000005bed4800 Exception <a 'sun/nio/fs/WindowsException'> (0x00000000f8b66108) thrown at [C:\src\android\AOSP-openjdk\external\jetbrains\jdk\hotspot\src\share\vm\prims\jni.cpp, line 709]
Event: 1816.055 Thread 0x000000005bed4800 Exception <a 'sun/nio/fs/WindowsException'> (0x00000000f8bab8c0) thrown at [C:\src\android\AOSP-openjdk\external\jetbrains\jdk\hotspot\src\share\vm\prims\jni.cpp, line 709]
Event: 1833.910 Thread 0x000000005bed6000 Exception <a 'java/lang/ClassNotFoundException': asLocalRepo4318_1ffghextd9k5cqhg012xmrbi2BeanInfo> (0x00000000f9158820) thrown at [C:\src\android\AOSP-openjdk\external\jetbrains\jdk\hotspot\src\share\vm\classfile\systemDictionary.cpp, line 210]
Event: 1833.910 Thread 0x000000005bed6000 Exception <a 'java/lang/ClassNotFoundException': asLocalRepo4318_1ffghextd9k5cqhg012xmrbi2Customizer> (0x00000000f9163f00) thrown at [C:\src\android\AOSP-openjdk\external\jetbrains\jdk\hotspot\src\share\vm\classfile\systemDictionary.cpp, line 210]

Events (10 events):
Event: 1833.928 loading class asLocalRepo4318_1ffghextd9k5cqhg012xmrbi2$_run_closure1$_closure3
Event: 1833.928 loading class asLocalRepo4318_1ffghextd9k5cqhg012xmrbi2$_run_closure1$_closure3 done
Event: 1833.929 loading class groovy/runtime/metaclass/asLocalRepo4318_1ffghextd9k5cqhg012xmrbi2$_run_closure1$_closure3MetaClass
Event: 1833.929 loading class groovy/runtime/metaclass/asLocalRepo4318_1ffghextd9k5cqhg012xmrbi2$_run_closure1$_closure3MetaClass done
Event: 1833.929 loading class asLocalRepo4318_1ffghextd9k5cqhg012xmrbi2$_run_closure1$_closure3$_closure6
Event: 1833.929 loading class asLocalRepo4318_1ffghextd9k5cqhg012xmrbi2$_run_closure1$_closure3$_closure6 done
Event: 1833.929 loading class groovy/runtime/metaclass/asLocalRepo4318_1ffghextd9k5cqhg012xmrbi2$_run_closure1$_closure3$_closure6MetaClass
Event: 1833.929 loading class groovy/runtime/metaclass/asLocalRepo4318_1ffghextd9k5cqhg012xmrbi2$_run_closure1$_closure3$_closure6MetaClass done
Event: 1833.932 Executing VM operation: BulkRevokeBias
Event: 1833.932 Executing VM operation: BulkRevokeBias done


Dynamic libraries:
0x000000013fdb0000 - 0x000000013fde1000 	D:\Android\Android Studio\jre\bin\java.exe
0x00000000776b0000 - 0x000000007785a000 	C:\Windows\SYSTEM32\ntdll.dll
0x0000000077590000 - 0x00000000776af000 	C:\Windows\system32\kernel32.dll
0x000007fefd670000 - 0x000007fefd6da000 	C:\Windows\system32\KERNELBASE.dll
0x000007fefde90000 - 0x000007fefdf6b000 	C:\Windows\system32\ADVAPI32.dll
0x000007feff040000 - 0x000007feff0df000 	C:\Windows\system32\msvcrt.dll
0x000007feff450000 - 0x000007feff46f000 	C:\Windows\SYSTEM32\sechost.dll
0x000007fefdb80000 - 0x000007fefdcad000 	C:\Windows\system32\RPCRT4.dll
0x0000000077490000 - 0x000000007758a000 	C:\Windows\system32\USER32.dll
0x000007fefd9d0000 - 0x000007fefda37000 	C:\Windows\system32\GDI32.dll
0x000007feff730000 - 0x000007feff73e000 	C:\Windows\system32\LPK.dll
0x000007fefdcb0000 - 0x000007fefdd7b000 	C:\Windows\system32\USP10.dll
0x000007fefbc20000 - 0x000007fefbe14000 	C:\Windows\WinSxS\amd64_microsoft.windows.common-controls_6595b64144ccf1df_6.0.7601.18837_none_fa3b1e3d17594757\COMCTL32.dll
0x000007feff240000 - 0x000007feff2b1000 	C:\Windows\system32\SHLWAPI.dll
0x000007feff0e0000 - 0x000007feff10e000 	C:\Windows\system32\IMM32.DLL
0x000007fefdd80000 - 0x000007fefde89000 	C:\Windows\system32\MSCTF.dll
0x000000006c8e0000 - 0x000000006c9b2000 	D:\Android\Android Studio\jre\jre\bin\msvcr100.dll
0x0000000054730000 - 0x0000000054f6c000 	D:\Android\Android Studio\jre\jre\bin\server\jvm.dll
0x000007fef6990000 - 0x000007fef6999000 	C:\Windows\system32\WSOCK32.dll
0x000007fefed00000 - 0x000007fefed4d000 	C:\Windows\system32\WS2_32.dll
0x000007fefee30000 - 0x000007fefee38000 	C:\Windows\system32\NSI.dll
0x000007fef90b0000 - 0x000007fef90eb000 	C:\Windows\system32\WINMM.dll
0x000007fefc6f0000 - 0x000007fefc6fc000 	C:\Windows\system32\VERSION.dll
0x0000000077880000 - 0x0000000077887000 	C:\Windows\system32\PSAPI.DLL
0x000007fef3db0000 - 0x000007fef3dbf000 	D:\Android\Android Studio\jre\jre\bin\verify.dll
0x000007fef3c90000 - 0x000007fef3cb9000 	D:\Android\Android Studio\jre\jre\bin\java.dll
0x000007fef3d60000 - 0x000007fef3d76000 	D:\Android\Android Studio\jre\jre\bin\zip.dll
0x000007fefdf70000 - 0x000007fefecfb000 	C:\Windows\system32\SHELL32.dll
0x000007fefee40000 - 0x000007feff03c000 	C:\Windows\system32\ole32.dll
0x000007fefd5c0000 - 0x000007fefd5cf000 	C:\Windows\system32\profapi.dll
0x000007fef3c70000 - 0x000007fef3c8a000 	D:\Android\Android Studio\jre\jre\bin\net.dll
0x000007fefcdc0000 - 0x000007fefce15000 	C:\Windows\system32\mswsock.dll
0x000007fefcdb0000 - 0x000007fefcdb7000 	C:\Windows\System32\wship6.dll
0x000007fef3c50000 - 0x000007fef3c61000 	D:\Android\Android Studio\jre\jre\bin\nio.dll
0x000007feec120000 - 0x000007feec13e000 	C:\Users\Administrator\.gradle\native\23\windows-amd64\native-platform.dll
0x000007fefce20000 - 0x000007fefce38000 	C:\Windows\system32\CRYPTSP.dll
0x000007fefcb20000 - 0x000007fefcb67000 	C:\Windows\system32\rsaenh.dll
0x000007fefc8d0000 - 0x000007fefc8ee000 	C:\Windows\system32\USERENV.dll
0x000007fefd4b0000 - 0x000007fefd4bf000 	C:\Windows\system32\CRYPTBASE.dll
0x000007fefb330000 - 0x000007fefb357000 	C:\Windows\system32\IPHLPAPI.DLL
0x000007fefb320000 - 0x000007fefb32b000 	C:\Windows\system32\WINNSI.DLL
0x000007fefae40000 - 0x000007fefae51000 	C:\Windows\system32\dhcpcsvc6.DLL
0x000007fefae20000 - 0x000007fefae38000 	C:\Windows\system32\dhcpcsvc.DLL
0x000007fef3c40000 - 0x000007fef3c4d000 	D:\Android\Android Studio\jre\jre\bin\management.dll
0x000007fefd450000 - 0x000007fefd4a7000 	C:\Windows\system32\apphelp.dll
0x000007feed800000 - 0x000007feed824000 	D:\Android\Android Studio\jre\jre\bin\sunec.dll
0x000007fefc7c0000 - 0x000007fefc7c7000 	C:\Windows\System32\wshtcpip.dll
0x000007fefcc40000 - 0x000007fefcc9b000 	C:\Windows\system32\DNSAPI.dll
0x000007fef4730000 - 0x000007fef4738000 	C:\Windows\system32\rasadhlp.dll
0x000007fefaeb0000 - 0x000007fefaf03000 	C:\Windows\System32\fwpuclnt.dll
0x000007fef1bc0000 - 0x000007fef1bcb000 	D:\Android\Android Studio\jre\jre\bin\sunmscapi.dll
0x000007fefd820000 - 0x000007fefd98d000 	C:\Windows\system32\CRYPT32.dll
0x000007fefd660000 - 0x000007fefd66f000 	C:\Windows\system32\MSASN1.dll

VM Arguments:
jvm_args: -Xmx512m -Dfile.encoding=GBK -Duser.country=CN -Duser.language=zh -Duser.variant 
java_command: org.gradle.launcher.daemon.bootstrap.GradleDaemon 3.3
java_class_path (initial): C:\Users\Administrator\.gradle\wrapper\dists\gradle-3.3-all\55gk2rcmfc6p2dg9u9ohc3hw9\gradle-3.3\lib\gradle-launcher-3.3.jar
Launcher Type: SUN_STANDARD

Environment Variables:
PATH=C:\Python27\;C:\Python27\Scripts;C:\Windows\system32;C:\Windows;C:\Windows\System32\Wbem;C:\Windows\System32\WindowsPowerShell\v1.0\;E:\jinhui_workspace\Java\jdk1.8.0_121\bin;C:\Program Files\Microsoft SQL Server\130\Tools\Binn\;C:\Python27;C:\Program Files\Git\cmd;C:\ProgramData\chocolatey\bin;E:\jinhui_workspace\Node.js\;D:\Android\sdk\tools;D:\Android\sdk\platform-tools;C:\Program Files\TortoiseGit\bin;C:\Windows\System32;%ANDROID_NDK%;%ANDROID_HOME%;E:\jinhui_workspace\cocos2d-x-3.15\templates;E:\jinhui_workspace\cocos2d-x-3.15\tools\cocos2d-console\bin;\cocos2d-x-3.14.1\templates;E:\jinhui_workspace\VSCode\Microsoft VS Code\bin;D:\Android\sdk\tools;D:\Android\sdk\platform-tools;D:\Android\Android Studio\gradle\gradle-3.2\BIN;%JAVA_HOME%;D:\Android\sdk;C:\Users\Administrator\AppData\Local\atom\bin;C:\Users\Administrator\AppData\Roaming\npm;D:\Android\sdk\android-ndk-r10e;D:\Android\sdk;
USERNAME=Administrator
OS=Windows_NT
PROCESSOR_IDENTIFIER=Intel64 Family 6 Model 94 Stepping 3, GenuineIntel



---------------  S Y S T E M  ---------------

OS: Windows 7 , 64 bit Build 7601 (6.1.7601.23864)

CPU:total 4 (4 cores per cpu, 1 threads per core) family 6 model 94 stepping 3, cmov, cx8, fxsr, mmx, sse, sse2, sse3, ssse3, sse4.1, sse4.2, popcnt, avx, avx2, aes, clmul, erms, 3dnowpref, lzcnt, tsc, tscinvbit, bmi1, bmi2, adx

Memory: 4k page, physical 8272300k(294408k free), swap 10367592k(4152k free)

vm_info: OpenJDK 64-Bit Server VM (25.112-b06) for windows-amd64 JRE (1.8.0_112-release-b06), built on Dec  8 2016 00:54:26 by "builder" with MS VC++ 10.0 (VS2010)

time: Mon Sep 04 11:28:06 2017
elapsed time: 1834 seconds (0d 0h 30m 34s)

